2013-12-16 01:05:00,967 INFO  Global.asax - Application_Start
2013-12-16 01:06:16,072 INFO  Global.asax - Application_Start
2013-12-16 01:08:24,984 INFO  Global.asax - Application_Start
2013-12-16 01:10:43,752 INFO  Global.asax - Application_Start
2013-12-16 01:12:58,803 INFO  Global.asax - Application_Start
2013-12-16 01:15:28,441 INFO  Global.asax - Application_Start
2013-12-16 01:16:19,411 INFO  Global.asax - Application_Start
2013-12-16 01:16:40,308 INFO  Global.asax - Application_Start
2013-12-16 01:21:20,486 INFO  Global.asax - Application_Start
2013-12-16 01:23:02,675 INFO  Global.asax - Application_Start
2013-12-16 01:23:54,865 INFO  Global.asax - Application_Start
2013-12-16 01:27:26,038 INFO  Global.asax - Application_Start
2013-12-16 01:28:57,174 INFO  Global.asax - Application_Start
2013-12-16 01:32:15,739 INFO  Global.asax - Application_Start
2013-12-16 01:34:14,310 INFO  Global.asax - Application_Start
2013-12-16 01:37:46,740 INFO  Global.asax - Application_Start
2013-12-16 01:38:09,870 INFO  Global.asax - Application_Start
2013-12-17 00:14:24,341 INFO  Global.asax - Application_Start
2013-12-17 00:15:09,537 INFO  Global.asax - Application_Start
2013-12-17 00:25:53,318 INFO  Global.asax - Application_Start
2013-12-17 00:26:20,956 INFO  Global.asax - Application_Start
2013-12-17 00:26:48,168 INFO  Global.asax - Application_Start
2013-12-17 00:28:40,058 INFO  Global.asax - Application_Start
2013-12-17 00:31:26,061 INFO  Global.asax - Application_Start
2013-12-17 00:56:24,981 INFO  Global.asax - Application_Start
2013-12-17 01:00:36,053 INFO  Global.asax - Application_Start
2013-12-17 01:10:24,362 INFO  Global.asax - Application_Start
2013-12-17 08:38:17,003 INFO  Global.asax - Application_Start
2013-12-17 08:38:22,359 INFO  Global.asax - Application_Start
2013-12-17 08:43:37,680 INFO  Global.asax - Application_Start
2013-12-17 09:00:41,979 INFO  Global.asax - Application_Start
2013-12-17 09:05:38,218 INFO  Global.asax - Application_Start
2013-12-17 09:08:10,362 INFO  Global.asax - Application_Start
2013-12-17 09:35:29,401 INFO  Global.asax - Application_Start
2013-12-17 09:37:30,385 INFO  Global.asax - Application_Start
2013-12-17 09:42:04,718 INFO  Global.asax - Application_Start
2013-12-17 15:29:28,155 INFO  Global.asax - Application_Start
2013-12-18 00:21:59,126 INFO  Global.asax - Application_Start
2013-12-18 00:23:23,089 INFO  Global.asax - Application_Start
2013-12-18 00:25:57,805 INFO  Global.asax - Application_Start
2013-12-18 00:26:00,187 INFO  Global.asax - Application_Start
2013-12-18 00:27:16,964 INFO  Global.asax - Application_Start
2013-12-18 00:27:19,155 INFO  Global.asax - Application_Start
2013-12-18 00:30:15,907 INFO  Global.asax - Application_Start
2013-12-18 00:36:07,164 INFO  Global.asax - Application_Start
2013-12-18 01:00:09,873 INFO  Global.asax - Application_Start
2013-12-18 01:07:39,623 INFO  Global.asax - Application_Start
2013-12-18 01:08:22,649 INFO  Global.asax - Application_Start
2013-12-18 01:08:51,225 INFO  Global.asax - Application_Start
2013-12-18 01:09:20,606 INFO  Global.asax - Application_Start
2013-12-18 22:47:03,710 INFO  Global.asax - Application_Start
2013-12-18 23:03:27,019 INFO  Global.asax - Application_Start
2013-12-18 23:42:02,070 INFO  Global.asax - Application_Start
2013-12-19 08:58:21,263 INFO  Global.asax - Application_Start
2013-12-19 08:58:30,690 ERROR controller:Home/action:Lesson/id:1/ - d:\Dropbox\Prog\ASP.NET MVC\GoKeyboard\GoKeyboard.Webapp\Views\Home\Lesson.cshtml(45): error CS1973: 'System.Web.Mvc.HtmlHelper<GoKeyboard.DTO.GkLesson>' has no applicable method named 'Partial' but appears to have an extension method by that name. Extension methods cannot be dynamically dispatched. Consider casting the dynamic arguments or calling the extension method without the extension method syntax. ---    at System.Web.Compilation.AssemblyBuilder.Compile()    at System.Web.Compilation.BuildProvidersCompiler.PerformBuild()    at System.Web.Compilation.BuildManager.CompileWebFile(VirtualPath virtualPath)    at System.Web.Compilation.BuildManager.GetVPathBuildResultInternal(VirtualPath virtualPath, Boolean noBuild, Boolean allowCrossApp, Boolean allowBuildInPrecompile, Boolean throwIfNotFound, Boolean ensureIsUpToDate)    at System.Web.Compilation.BuildManager.GetVPathBuildResultWithNoAssert(HttpContext context, VirtualPath virtualPath, Boolean noBuild, Boolean allowCrossApp, Boolean allowBuildInPrecompile, Boolean throwIfNotFound, Boolean ensureIsUpToDate)    at System.Web.Compilation.BuildManager.GetVirtualPathObjectFactory(VirtualPath virtualPath, HttpContext context, Boolean allowCrossApp, Boolean throwIfNotFound)    at System.Web.Compilation.BuildManager.GetCompiledType(VirtualPath virtualPath)    at System.Web.Compilation.BuildManager.GetCompiledType(String virtualPath)    at System.Web.Mvc.BuildManagerWrapper.System.Web.Mvc.IBuildManager.GetCompiledType(String virtualPath)    at System.Web.Mvc.BuildManagerCompiledView.Render(ViewContext viewContext, TextWriter writer)    at System.Web.Mvc.ViewResultBase.ExecuteResult(ControllerContext context)    at System.Web.Mvc.ControllerActionInvoker.InvokeActionResult(ControllerContext controllerContext, ActionResult actionResult)    at System.Web.Mvc.ControllerActionInvoker.InvokeActionResultFilterRecursive(IList`1 filters, Int32 filterIndex, ResultExecutingContext preContext, ControllerContext controllerContext, ActionResult actionResult)    at System.Web.Mvc.ControllerActionInvoker.InvokeActionResultFilterRecursive(IList`1 filters, Int32 filterIndex, ResultExecutingContext preContext, ControllerContext controllerContext, ActionResult actionResult)    at System.Web.Mvc.ControllerActionInvoker.InvokeActionResultWithFilters(ControllerContext controllerContext, IList`1 filters, ActionResult actionResult)    at System.Web.Mvc.Async.AsyncControllerActionInvoker.<>c__DisplayClass1e.<>c__DisplayClass28.<BeginInvokeAction>b__19()    at System.Web.Mvc.Async.AsyncControllerActionInvoker.<>c__DisplayClass1e.<BeginInvokeAction>b__1b(IAsyncResult asyncResult)
2013-12-19 08:59:16,647 ERROR controller:Home/action:Lesson/id:1/ - d:\Dropbox\Prog\ASP.NET MVC\GoKeyboard\GoKeyboard.Webapp\Views\Home\Lesson.cshtml(45): error CS1973: 'System.Web.Mvc.HtmlHelper<GoKeyboard.DTO.GkLesson>' has no applicable method named 'Partial' but appears to have an extension method by that name. Extension methods cannot be dynamically dispatched. Consider casting the dynamic arguments or calling the extension method without the extension method syntax. ---    at System.Web.Compilation.AssemblyBuilder.Compile()    at System.Web.Compilation.BuildProvidersCompiler.PerformBuild()    at System.Web.Compilation.BuildManager.CompileWebFile(VirtualPath virtualPath)    at System.Web.Compilation.BuildManager.GetVPathBuildResultInternal(VirtualPath virtualPath, Boolean noBuild, Boolean allowCrossApp, Boolean allowBuildInPrecompile, Boolean throwIfNotFound, Boolean ensureIsUpToDate)    at System.Web.Compilation.BuildManager.GetVPathBuildResultWithNoAssert(HttpContext context, VirtualPath virtualPath, Boolean noBuild, Boolean allowCrossApp, Boolean allowBuildInPrecompile, Boolean throwIfNotFound, Boolean ensureIsUpToDate)    at System.Web.Compilation.BuildManager.GetVirtualPathObjectFactory(VirtualPath virtualPath, HttpContext context, Boolean allowCrossApp, Boolean throwIfNotFound)    at System.Web.Compilation.BuildManager.GetCompiledType(VirtualPath virtualPath)    at System.Web.Compilation.BuildManager.GetCompiledType(String virtualPath)    at System.Web.Mvc.BuildManagerWrapper.System.Web.Mvc.IBuildManager.GetCompiledType(String virtualPath)    at System.Web.Mvc.BuildManagerCompiledView.Render(ViewContext viewContext, TextWriter writer)    at System.Web.Mvc.ViewResultBase.ExecuteResult(ControllerContext context)    at System.Web.Mvc.ControllerActionInvoker.InvokeActionResult(ControllerContext controllerContext, ActionResult actionResult)    at System.Web.Mvc.ControllerActionInvoker.InvokeActionResultFilterRecursive(IList`1 filters, Int32 filterIndex, ResultExecutingContext preContext, ControllerContext controllerContext, ActionResult actionResult)    at System.Web.Mvc.ControllerActionInvoker.InvokeActionResultFilterRecursive(IList`1 filters, Int32 filterIndex, ResultExecutingContext preContext, ControllerContext controllerContext, ActionResult actionResult)    at System.Web.Mvc.ControllerActionInvoker.InvokeActionResultWithFilters(ControllerContext controllerContext, IList`1 filters, ActionResult actionResult)    at System.Web.Mvc.Async.AsyncControllerActionInvoker.<>c__DisplayClass1e.<>c__DisplayClass28.<BeginInvokeAction>b__19()    at System.Web.Mvc.Async.AsyncControllerActionInvoker.<>c__DisplayClass1e.<BeginInvokeAction>b__1b(IAsyncResult asyncResult)
2013-12-19 09:01:29,831 INFO  Global.asax - Application_Start
2013-12-19 09:02:22,417 ERROR controller:Home/action:Lesson/id:1/ - d:\Dropbox\Prog\ASP.NET MVC\GoKeyboard\GoKeyboard.Webapp\Views\Partials\SoundSet.cshtml(20): error CS0163: Control cannot fall through from one case label ('case "Ensemble":') to another ---    at System.Web.Compilation.AssemblyBuilder.Compile()    at System.Web.Compilation.BuildProvidersCompiler.PerformBuild()    at System.Web.Compilation.BuildManager.CompileWebFile(VirtualPath virtualPath)    at System.Web.Compilation.BuildManager.GetVPathBuildResultInternal(VirtualPath virtualPath, Boolean noBuild, Boolean allowCrossApp, Boolean allowBuildInPrecompile, Boolean throwIfNotFound, Boolean ensureIsUpToDate)    at System.Web.Compilation.BuildManager.GetVPathBuildResultWithNoAssert(HttpContext context, VirtualPath virtualPath, Boolean noBuild, Boolean allowCrossApp, Boolean allowBuildInPrecompile, Boolean throwIfNotFound, Boolean ensureIsUpToDate)    at System.Web.Compilation.BuildManager.GetVirtualPathObjectFactory(VirtualPath virtualPath, HttpContext context, Boolean allowCrossApp, Boolean throwIfNotFound)    at System.Web.Compilation.BuildManager.GetCompiledType(VirtualPath virtualPath)    at System.Web.Compilation.BuildManager.GetCompiledType(String virtualPath)    at System.Web.Mvc.BuildManagerWrapper.System.Web.Mvc.IBuildManager.GetCompiledType(String virtualPath)    at System.Web.Mvc.BuildManagerCompiledView.Render(ViewContext viewContext, TextWriter writer)    at System.Web.Mvc.HtmlHelper.RenderPartialInternal(String partialViewName, ViewDataDictionary viewData, Object model, TextWriter writer, ViewEngineCollection viewEngineCollection)    at System.Web.Mvc.Html.PartialExtensions.Partial(HtmlHelper htmlHelper, String partialViewName, Object model, ViewDataDictionary viewData)    at System.Web.Mvc.Html.PartialExtensions.Partial(HtmlHelper htmlHelper, String partialViewName, Object model)    at ASP._Page_Views_Home_Lesson_cshtml.<Execute>b__4() in d:\Dropbox\Prog\ASP.NET MVC\GoKeyboard\GoKeyboard.Webapp\Views\Home\Lesson.cshtml:line 45    at System.Web.WebPages.WebPageBase.<>c__DisplayClassb.<RenderSection>b__9(TextWriter tw)    at System.Web.WebPages.HelperResult.WriteTo(TextWriter writer)    at System.Web.WebPages.WebPageExecutingBase.WriteTo(TextWriter writer, HelperResult content)    at System.Web.WebPages.WebPageBase.Write(HelperResult result)    at ASP._Page_Views_Shared__Layout_cshtml.Execute() in d:\Dropbox\Prog\ASP.NET MVC\GoKeyboard\GoKeyboard.Webapp\Views\Shared\_Layout.cshtml:line 40    at System.Web.WebPages.WebPageBase.ExecutePageHierarchy()    at System.Web.Mvc.WebViewPage.ExecutePageHierarchy()    at System.Web.WebPages.WebPageBase.ExecutePageHierarchy(WebPageContext pageContext, TextWriter writer, WebPageRenderingBase startPage)    at System.Web.WebPages.WebPageBase.ExecutePageHierarchy(WebPageContext pageContext, TextWriter writer)    at System.Web.WebPages.WebPageBase.<>c__DisplayClass7.<RenderPageCore>b__6(TextWriter writer)    at System.Web.WebPages.HelperResult.WriteTo(TextWriter writer)    at System.Web.WebPages.WebPageExecutingBase.WriteTo(TextWriter writer, HelperResult content)    at System.Web.WebPages.WebPageBase.Write(HelperResult result)    at System.Web.WebPages.WebPageBase.RenderSurrounding(String partialViewName, Action`1 body)    at System.Web.WebPages.WebPageBase.PopContext()    at System.Web.WebPages.WebPageBase.ExecutePageHierarchy(WebPageContext pageContext, TextWriter writer, WebPageRenderingBase startPage)    at System.Web.Mvc.RazorView.RenderView(ViewContext viewContext, TextWriter writer, Object instance)    at System.Web.Mvc.BuildManagerCompiledView.Render(ViewContext viewContext, TextWriter writer)    at System.Web.Mvc.ViewResultBase.ExecuteResult(ControllerContext context)    at System.Web.Mvc.ControllerActionInvoker.InvokeActionResult(ControllerContext controllerContext, ActionResult actionResult)    at System.Web.Mvc.ControllerActionInvoker.InvokeActionResultFilterRecursive(IList`1 filters, Int32 filterIndex, ResultExecutingContext preContext, ControllerContext controllerContext, ActionResult actionResult)    at System.Web.Mvc.ControllerActionInvoker.InvokeActionResultFilterRecursive(IList`1 filters, Int32 filterIndex, ResultExecutingContext preContext, ControllerContext controllerContext, ActionResult actionResult)    at System.Web.Mvc.ControllerActionInvoker.InvokeActionResultWithFilters(ControllerContext controllerContext, IList`1 filters, ActionResult actionResult)    at System.Web.Mvc.Async.AsyncControllerActionInvoker.<>c__DisplayClass1e.<>c__DisplayClass28.<BeginInvokeAction>b__19()    at System.Web.Mvc.Async.AsyncControllerActionInvoker.<>c__DisplayClass1e.<BeginInvokeAction>b__1b(IAsyncResult asyncResult)
2013-12-22 17:25:43,484 INFO  Global.asax - Application_Start
2013-12-22 17:25:51,820 INFO  Global.asax - Application_Start
2013-12-22 17:25:52,555 INFO  GkLessonDal - metadata=reader://c972c881-d70e-4a63-bd66-06f1f7dc9eb8;provider=System.Data.SqlClient;provider connection string="Data Source=(LocalDb)\v11.0;Integrated Security=SSPI;AttachDBFilename=|DataDirectory|\DataContext.mdf;MultipleActiveResultSets=True;";
2013-12-22 17:40:29,471 ERROR controller:Home/action:Lesson/id:15/ - The given path's format is not supported. ---    at System.Security.Util.StringExpressionSet.CanonicalizePath(String path, Boolean needFullPath)    at System.Security.Util.StringExpressionSet.CreateListFromExpressions(String[] str, Boolean needFullPath)    at System.Security.Permissions.FileIOPermission.AddPathList(FileIOPermissionAccess access, AccessControlActions control, String[] pathListOrig, Boolean checkForDuplicates, Boolean needFullPath, Boolean copyPathList)    at System.Security.Permissions.FileIOPermission..ctor(FileIOPermissionAccess access, String path)    at System.Web.InternalSecurityPermissions.PathDiscovery(String path)    at System.Web.HttpRequest.MapPath(VirtualPath virtualPath, VirtualPath baseVirtualDir, Boolean allowCrossAppMapping)    at System.Web.HttpServerUtility.MapPath(String path)    at GoKeyboard.LessonFactory.LessonPageFactory.BuildWordsListIfNeeded(String charSet) in d:\Dropbox\Prog\ASP.NET MVC\GoKeyboard\GoKeyboard.LessonFactory\LessonPageFactory.cs:line 55    at GoKeyboard.LessonFactory.LessonPageFactory.BuildPages(GkLesson lesson) in d:\Dropbox\Prog\ASP.NET MVC\GoKeyboard\GoKeyboard.LessonFactory\LessonPageFactory.cs:line 36    at GoKeyboardRest.Api.Controllers.HomeController.Lesson(Int32 id) in d:\Dropbox\Prog\ASP.NET MVC\GoKeyboard\GoKeyboard.Webapp\Controllers\HomeController.cs:line 66    at lambda_method(Closure , ControllerBase , Object[] )    at System.Web.Mvc.ActionMethodDispatcher.Execute(ControllerBase controller, Object[] parameters)    at System.Web.Mvc.ReflectedActionDescriptor.Execute(ControllerContext controllerContext, IDictionary`2 parameters)    at System.Web.Mvc.ControllerActionInvoker.InvokeActionMethod(ControllerContext controllerContext, ActionDescriptor actionDescriptor, IDictionary`2 parameters)    at System.Web.Mvc.Async.AsyncControllerActionInvoker.ActionInvocation.InvokeSynchronousActionMethod()    at System.Web.Mvc.Async.AsyncControllerActionInvoker.<BeginInvokeSynchronousActionMethod>b__36(IAsyncResult asyncResult, ActionInvocation innerInvokeState)    at System.Web.Mvc.Async.AsyncResultWrapper.WrappedAsyncResult`2.CallEndDelegate(IAsyncResult asyncResult)    at System.Web.Mvc.Async.AsyncResultWrapper.WrappedAsyncResultBase`1.End()    at System.Web.Mvc.Async.AsyncResultWrapper.End[TResult](IAsyncResult asyncResult, Object tag)    at System.Web.Mvc.Async.AsyncControllerActionInvoker.EndInvokeActionMethod(IAsyncResult asyncResult)    at System.Web.Mvc.Async.AsyncControllerActionInvoker.AsyncInvocationWithFilters.<InvokeActionMethodFilterAsynchronouslyRecursive>b__3c()    at System.Web.Mvc.Async.AsyncControllerActionInvoker.AsyncInvocationWithFilters.<>c__DisplayClass45.<InvokeActionMethodFilterAsynchronouslyRecursive>b__3e()    at System.Web.Mvc.Async.AsyncControllerActionInvoker.<>c__DisplayClass30.<BeginInvokeActionMethodWithFilters>b__2f(IAsyncResult asyncResult)    at System.Web.Mvc.Async.AsyncResultWrapper.WrappedAsyncResult`1.CallEndDelegate(IAsyncResult asyncResult)    at System.Web.Mvc.Async.AsyncResultWrapper.WrappedAsyncResultBase`1.End()    at System.Web.Mvc.Async.AsyncResultWrapper.End[TResult](IAsyncResult asyncResult, Object tag)    at System.Web.Mvc.Async.AsyncControllerActionInvoker.EndInvokeActionMethodWithFilters(IAsyncResult asyncResult)    at System.Web.Mvc.Async.AsyncControllerActionInvoker.<>c__DisplayClass1e.<>c__DisplayClass28.<BeginInvokeAction>b__19()    at System.Web.Mvc.Async.AsyncControllerActionInvoker.<>c__DisplayClass1e.<BeginInvokeAction>b__1b(IAsyncResult asyncResult)
2013-12-22 17:41:31,762 INFO  Global.asax - Application_Start
2013-12-22 20:35:05,248 INFO  Global.asax - Application_Start
2013-12-22 20:35:17,166 INFO  GkLessonDal - metadata=reader://e4c24b4b-637c-4e52-be9d-f1f8d80d5dfa;provider=System.Data.SqlClient;provider connection string="Data Source=(LocalDb)\v11.0;Integrated Security=SSPI;AttachDBFilename=|DataDirectory|\DataContext.mdf;MultipleActiveResultSets=True;";
2014-01-06 14:14:05,058 INFO  Global.asax - Application_Start
2014-01-06 14:14:23,166 INFO  GkLessonDal - metadata=reader://867efe51-b534-45b5-8c24-9676a399c889;provider=System.Data.SqlClient;provider connection string="Data Source=(LocalDb)\v11.0;Integrated Security=SSPI;AttachDBFilename=|DataDirectory|\DataContext.mdf;MultipleActiveResultSets=True;";
2014-01-06 14:24:35,718 INFO  Global.asax - Application_Start
2014-01-06 14:24:44,437 INFO  GkLessonDal - metadata=reader://44e00e55-1b1f-4a68-9cdd-67a6e21bc204;provider=System.Data.SqlClient;provider connection string="Data Source=(LocalDb)\v11.0;Integrated Security=SSPI;AttachDBFilename=|DataDirectory|\DataContext.mdf;MultipleActiveResultSets=True;";
2014-01-06 14:46:14,101 INFO  GkLessonDal - metadata=reader://44e00e55-1b1f-4a68-9cdd-67a6e21bc204;provider=System.Data.SqlClient;provider connection string="Data Source=(LocalDb)\v11.0;Integrated Security=SSPI;AttachDBFilename=|DataDirectory|\DataContext.mdf;MultipleActiveResultSets=True;";
2014-01-06 15:46:16,529 INFO  Global.asax - Application_Start
2014-01-06 15:46:21,773 INFO  GkLessonDal - metadata=reader://0b18f832-1115-4095-a962-354c80c7db1c;provider=System.Data.SqlClient;provider connection string="Data Source=(LocalDb)\v11.0;Integrated Security=SSPI;AttachDBFilename=|DataDirectory|\DataContext.mdf;MultipleActiveResultSets=True;";
2014-01-06 16:29:50,655 INFO  Global.asax - Application_Start
2014-01-06 16:29:59,848 INFO  Global.asax - Application_Start
2014-01-22 10:37:31,373 INFO  Global.asax - Application_Start
2014-01-22 10:37:45,199 INFO  GkLessonDal - metadata=reader://30c103ad-a9f8-4d98-8746-c42076f492ac;provider=System.Data.SqlClient;provider connection string="Data Source=(LocalDb)\v11.0;Integrated Security=SSPI;AttachDBFilename=|DataDirectory|\DataContext.mdf;MultipleActiveResultSets=True;";
2014-01-22 11:07:37,299 INFO  Global.asax - Application_Start
2014-01-22 11:10:57,388 INFO  Global.asax - Application_Start
2014-01-22 11:15:24,346 INFO  Global.asax - Application_Start
2014-01-22 11:17:21,378 INFO  Global.asax - Application_Start
2014-01-22 11:19:20,105 INFO  Global.asax - Application_Start
2014-01-22 11:21:08,387 INFO  Global.asax - Application_Start
2014-01-22 11:48:46,714 INFO  Global.asax - Application_Start
2014-01-22 11:49:04,133 INFO  Global.asax - Application_Start
2014-01-22 11:50:51,175 INFO  Global.asax - Application_Start
2014-01-22 11:52:12,709 INFO  Global.asax - Application_Start
2014-01-22 11:52:20,818 INFO  Global.asax - Application_Start
2014-01-22 11:52:21,434 INFO  GkLessonDal - metadata=reader://6dcd37e0-41ba-4497-8780-ad241a4f99c7;provider=System.Data.SqlClient;provider connection string="Data Source=(LocalDb)\v11.0;Integrated Security=SSPI;AttachDBFilename=|DataDirectory|\DataContext.mdf;MultipleActiveResultSets=True;";
2014-01-22 11:53:43,249 INFO  Global.asax - Application_Start
2014-01-22 11:54:14,861 INFO  Global.asax - Application_Start
2014-01-22 15:29:59,950 INFO  GkLessonDal - metadata=reader://a1b0884d-a702-4fc6-9124-77c71ba6d7c8;provider=System.Data.SqlClient;provider connection string="Data Source=(LocalDb)\v11.0;Integrated Security=SSPI;AttachDBFilename=|DataDirectory|\DataContext.mdf;MultipleActiveResultSets=True;";
2014-01-22 15:39:09,381 INFO  Global.asax - Application_Start
2014-01-22 16:16:45,992 INFO  Global.asax - Application_Start
2014-01-22 16:23:22,468 INFO  Global.asax - Application_Start
2014-01-22 16:27:54,733 INFO  Global.asax - Application_Start
2014-01-22 16:32:05,928 INFO  Global.asax - Application_Start
2014-01-22 16:42:05,797 INFO  Global.asax - Application_Start
2014-01-22 16:50:01,311 INFO  GkLessonDal - metadata=reader://cdf6911d-7342-43db-b54b-598a7cbe4e01;provider=System.Data.SqlClient;provider connection string="Data Source=(LocalDb)\v11.0;Integrated Security=SSPI;AttachDBFilename=|DataDirectory|\DataContext.mdf;MultipleActiveResultSets=True;";
2014-01-22 16:53:01,355 INFO  GkLessonDal - metadata=reader://cdf6911d-7342-43db-b54b-598a7cbe4e01;provider=System.Data.SqlClient;provider connection string="Data Source=(LocalDb)\v11.0;Integrated Security=SSPI;AttachDBFilename=|DataDirectory|\DataContext.mdf;MultipleActiveResultSets=True;";
2014-01-22 16:58:29,827 INFO  Global.asax - Application_Start
2014-01-22 17:46:49,861 INFO  Global.asax - Application_Start
2014-01-22 18:02:53,644 INFO  Global.asax - Application_Start
2014-01-22 19:22:00,334 INFO  Global.asax - Application_Start
2014-01-22 19:22:09,224 INFO  GkLessonDal - metadata=reader://d8cdae85-27ea-4f73-a055-81a2d3baa7f7;provider=System.Data.SqlClient;provider connection string="Data Source=(LocalDb)\v11.0;Integrated Security=SSPI;AttachDBFilename=|DataDirectory|\DataContext.mdf;MultipleActiveResultSets=True;";
2014-01-22 20:15:14,747 INFO  Global.asax - Application_Start
2014-01-22 20:15:18,139 INFO  GkLessonDal - metadata=reader://74822d7e-de70-4c63-946b-2504d0949783;provider=System.Data.SqlClient;provider connection string="Data Source=(LocalDb)\v11.0;Integrated Security=SSPI;AttachDBFilename=|DataDirectory|\DataContext.mdf;MultipleActiveResultSets=True;";
2014-01-23 10:35:14,504 INFO  Global.asax - Application_Start
2014-01-23 10:35:27,970 INFO  GkLessonDal - metadata=reader://4c6c3b3b-22a1-48e9-ac85-da911dd522dd;provider=System.Data.SqlClient;provider connection string="Data Source=(LocalDb)\v11.0;Integrated Security=SSPI;AttachDBFilename=|DataDirectory|\DataContext.mdf;MultipleActiveResultSets=True;";
2014-01-23 11:01:03,231 INFO  Global.asax - Application_Start
2014-01-23 11:14:20,046 INFO  Global.asax - Application_Start
2014-01-23 11:19:01,730 INFO  GkLessonDal - metadata=reader://604ed52f-7062-429e-8c2f-98fbae60a8cb;provider=System.Data.SqlClient;provider connection string="Data Source=(LocalDb)\v11.0;Integrated Security=SSPI;AttachDBFilename=|DataDirectory|\DataContext.mdf;MultipleActiveResultSets=True;";
2014-01-23 11:29:18,742 INFO  Global.asax - Application_Start
2014-01-23 11:34:55,210 INFO  Global.asax - Application_Start
2014-01-23 11:55:58,413 INFO  Global.asax - Application_Start
2014-01-23 12:05:55,273 INFO  Global.asax - Application_Start
2014-01-23 12:31:33,933 INFO  Global.asax - Application_Start
2014-01-23 14:09:53,466 INFO  Global.asax - Application_Start
2014-01-23 14:23:29,069 INFO  Global.asax - Application_Start
2014-01-23 14:33:03,265 INFO  GkLessonDal - metadata=reader://28f362c9-94b7-4063-916f-e8f209388072;provider=System.Data.SqlClient;provider connection string="Data Source=(LocalDb)\v11.0;Integrated Security=SSPI;AttachDBFilename=|DataDirectory|\DataContext.mdf;MultipleActiveResultSets=True;";
2014-01-23 14:46:07,674 INFO  Global.asax - Application_Start
2014-01-23 15:19:04,577 INFO  Global.asax - Application_Start
2014-01-23 15:42:29,031 INFO  Global.asax - Application_Start
2014-01-23 15:44:43,487 INFO  Global.asax - Application_Start
2014-01-23 16:40:19,970 INFO  Global.asax - Application_Start
2014-01-23 17:03:38,910 INFO  Global.asax - Application_Start
2014-01-23 17:19:52,860 INFO  GkLessonDal - metadata=reader://16f3ba5a-53aa-4940-b97c-540602df867e;provider=System.Data.SqlClient;provider connection string="Data Source=(LocalDb)\v11.0;Integrated Security=SSPI;AttachDBFilename=|DataDirectory|\DataContext.mdf;MultipleActiveResultSets=True;";
2014-01-27 17:45:08,842 INFO  Global.asax - Application_Start
2014-01-27 17:45:28,763 INFO  Global.asax - Application_Start
2014-01-27 17:46:26,996 INFO  Global.asax - Application_Start
2014-01-27 17:46:30,719 INFO  GkLessonDal - metadata=reader://09e226ba-178b-4174-80b9-a2c46c6b229d;provider=System.Data.SqlClient;provider connection string="Data Source=(LocalDb)\v11.0;Integrated Security=SSPI;AttachDBFilename=|DataDirectory|\DataContext.mdf;MultipleActiveResultSets=True;";
2014-01-27 17:46:36,595 INFO  GkLessonDal - metadata=reader://09e226ba-178b-4174-80b9-a2c46c6b229d;provider=System.Data.SqlClient;provider connection string="Data Source=(LocalDb)\v11.0;Integrated Security=SSPI;AttachDBFilename=|DataDirectory|\DataContext.mdf;MultipleActiveResultSets=True;";
2014-01-27 17:47:42,809 INFO  Global.asax - Application_Start
2014-01-27 17:47:48,515 INFO  Global.asax - Application_Start
2014-01-27 17:48:47,951 INFO  GkLessonDal - metadata=reader://f6a43447-5665-45ed-adcf-963d1d705110;provider=System.Data.SqlClient;provider connection string="Data Source=(LocalDb)\v11.0;Integrated Security=SSPI;AttachDBFilename=|DataDirectory|\DataContext.mdf;MultipleActiveResultSets=True;";
2014-01-27 17:59:45,397 INFO  Global.asax - Application_Start
2014-01-27 17:59:50,896 INFO  Global.asax - Application_Start
2014-01-27 18:01:27,815 INFO  Global.asax - Application_Start
2014-01-27 18:01:56,244 ERROR controller:Home/action:Lesson/id:1/ - La référence d'objet n'est pas définie à une instance d'un objet. ---    à GoKeyboard.LessonFactory.LessonPageFactory.BuildPages(GkLesson lesson) dans e:\Simon\Dropbox\Dropbox\Prog\ASP.NET MVC\GoKeyboard\GoKeyboard.LessonFactory\LessonPageFactory.cs:ligne 28    à GoKeyboardRest.Api.Controllers.HomeController.Lesson(Int32 id) dans e:\Simon\Dropbox\Dropbox\Prog\ASP.NET MVC\GoKeyboard\GoKeyboard.Webapp\Controllers\HomeController.cs:ligne 66    à lambda_method(Closure , ControllerBase , Object[] )    à System.Web.Mvc.ActionMethodDispatcher.Execute(ControllerBase controller, Object[] parameters)    à System.Web.Mvc.ReflectedActionDescriptor.Execute(ControllerContext controllerContext, IDictionary`2 parameters)    à System.Web.Mvc.ControllerActionInvoker.InvokeActionMethod(ControllerContext controllerContext, ActionDescriptor actionDescriptor, IDictionary`2 parameters)    à System.Web.Mvc.Async.AsyncControllerActionInvoker.ActionInvocation.InvokeSynchronousActionMethod()    à System.Web.Mvc.Async.AsyncControllerActionInvoker.<BeginInvokeSynchronousActionMethod>b__36(IAsyncResult asyncResult, ActionInvocation innerInvokeState)    à System.Web.Mvc.Async.AsyncResultWrapper.WrappedAsyncResult`2.CallEndDelegate(IAsyncResult asyncResult)    à System.Web.Mvc.Async.AsyncResultWrapper.WrappedAsyncResultBase`1.End()    à System.Web.Mvc.Async.AsyncResultWrapper.End[TResult](IAsyncResult asyncResult, Object tag)    à System.Web.Mvc.Async.AsyncControllerActionInvoker.EndInvokeActionMethod(IAsyncResult asyncResult)    à System.Web.Mvc.Async.AsyncControllerActionInvoker.AsyncInvocationWithFilters.<InvokeActionMethodFilterAsynchronouslyRecursive>b__3c()    à System.Web.Mvc.Async.AsyncControllerActionInvoker.AsyncInvocationWithFilters.<>c__DisplayClass45.<InvokeActionMethodFilterAsynchronouslyRecursive>b__3e()    à System.Web.Mvc.Async.AsyncControllerActionInvoker.<>c__DisplayClass30.<BeginInvokeActionMethodWithFilters>b__2f(IAsyncResult asyncResult)    à System.Web.Mvc.Async.AsyncResultWrapper.WrappedAsyncResult`1.CallEndDelegate(IAsyncResult asyncResult)    à System.Web.Mvc.Async.AsyncResultWrapper.WrappedAsyncResultBase`1.End()    à System.Web.Mvc.Async.AsyncResultWrapper.End[TResult](IAsyncResult asyncResult, Object tag)    à System.Web.Mvc.Async.AsyncControllerActionInvoker.EndInvokeActionMethodWithFilters(IAsyncResult asyncResult)    à System.Web.Mvc.Async.AsyncControllerActionInvoker.<>c__DisplayClass1e.<>c__DisplayClass28.<BeginInvokeAction>b__19()    à System.Web.Mvc.Async.AsyncControllerActionInvoker.<>c__DisplayClass1e.<BeginInvokeAction>b__1b(IAsyncResult asyncResult)
2014-01-27 18:03:54,251 INFO  Global.asax - Application_Start
2014-01-27 18:04:00,176 INFO  Global.asax - Application_Start
2014-01-27 18:06:35,452 INFO  Global.asax - Application_Start
2014-01-27 18:06:41,373 INFO  Global.asax - Application_Start
2014-01-27 18:16:28,206 INFO  Global.asax - Application_Start
2014-01-27 18:16:34,056 INFO  Global.asax - Application_Start
2014-01-28 15:31:43,837 INFO  Global.asax - Application_Start
2014-01-28 15:32:26,434 INFO  Global.asax - Application_Start
2014-01-28 15:33:24,613 INFO  Global.asax - Application_Start
2014-01-28 15:37:22,952 INFO  Global.asax - Application_Start
2014-01-28 15:37:29,087 INFO  Global.asax - Application_Start
2014-01-28 15:39:55,400 INFO  Global.asax - Application_Start
2014-01-28 15:40:58,950 INFO  Global.asax - Application_Start
2014-01-28 15:41:05,461 INFO  Global.asax - Application_Start
2014-01-28 15:42:46,038 INFO  Global.asax - Application_Start
2014-01-28 15:42:52,361 INFO  Global.asax - Application_Start
2014-01-28 16:46:18,717 INFO  Global.asax - Application_Start
2014-01-28 16:46:24,778 INFO  Global.asax - Application_Start
2014-01-28 16:54:29,264 INFO  Global.asax - Application_Start
2014-01-28 16:54:35,510 INFO  Global.asax - Application_Start
2014-01-28 17:00:55,407 INFO  Global.asax - Application_Start
2014-01-28 17:01:02,053 INFO  Global.asax - Application_Start
2014-01-28 17:11:44,129 INFO  Global.asax - Application_Start
2014-01-28 17:14:49,452 INFO  Global.asax - Application_Start
2014-01-28 17:14:57,800 INFO  Global.asax - Application_Start
2014-01-28 17:17:03,895 INFO  Global.asax - Application_Start
2014-01-28 17:30:40,373 INFO  Global.asax - Application_Start
2014-01-28 17:32:11,716 INFO  Global.asax - Application_Start
2014-01-28 17:32:18,217 INFO  Global.asax - Application_Start
2014-01-28 17:37:41,897 INFO  Global.asax - Application_Start
2014-01-28 17:37:47,920 INFO  Global.asax - Application_Start
2014-01-28 17:45:52,610 INFO  Global.asax - Application_Start
2014-01-28 17:53:20,575 INFO  Global.asax - Application_Start
2014-01-28 17:58:02,506 INFO  Global.asax - Application_Start
2014-01-28 19:27:39,607 INFO  Global.asax - Application_Start
2014-01-28 19:27:47,025 INFO  GkLessonDal - metadata=reader://1efb64b5-c06d-4ad8-b95c-6f9142fe1055;provider=System.Data.SqlClient;provider connection string="Data Source=(LocalDb)\v11.0;Integrated Security=SSPI;AttachDBFilename=|DataDirectory|\DataContext.mdf;MultipleActiveResultSets=True;";
2014-01-28 19:42:52,470 INFO  Global.asax - Application_Start
2014-01-28 19:45:09,753 INFO  Global.asax - Application_Start
2014-01-28 19:53:04,632 INFO  Global.asax - Application_Start
2014-01-28 19:53:49,797 INFO  GkLessonDal - metadata=reader://0c9d68a3-646f-4b02-a625-081b79adf30d;provider=System.Data.SqlClient;provider connection string="Data Source=(LocalDb)\v11.0;Integrated Security=SSPI;AttachDBFilename=|DataDirectory|\DataContext.mdf;MultipleActiveResultSets=True;";
2014-01-30 08:54:48,728 INFO  Global.asax - Application_Start
2014-01-30 09:02:49,073 ERROR controller:Home/action:Index/ - The "RenderBody" method has not been called for layout page "~/Views/Shared/_Layout.cshtml". ---    at System.Web.WebPages.WebPageBase.VerifyRenderedBodyOrSections()    at System.Web.WebPages.WebPageBase.PopContext()    at System.Web.WebPages.WebPageBase.ExecutePageHierarchy(WebPageContext pageContext, TextWriter writer, WebPageRenderingBase startPage)    at System.Web.WebPages.WebPageBase.ExecutePageHierarchy(WebPageContext pageContext, TextWriter writer)    at System.Web.WebPages.WebPageBase.<>c__DisplayClass7.<RenderPageCore>b__6(TextWriter writer)    at System.Web.WebPages.HelperResult.WriteTo(TextWriter writer)    at System.Web.WebPages.WebPageExecutingBase.WriteTo(TextWriter writer, HelperResult content)    at System.Web.WebPages.WebPageBase.Write(HelperResult result)    at System.Web.WebPages.WebPageBase.RenderSurrounding(String partialViewName, Action`1 body)    at System.Web.WebPages.WebPageBase.PopContext()    at System.Web.WebPages.WebPageBase.ExecutePageHierarchy(WebPageContext pageContext, TextWriter writer, WebPageRenderingBase startPage)    at System.Web.Mvc.RazorView.RenderView(ViewContext viewContext, TextWriter writer, Object instance)    at System.Web.Mvc.BuildManagerCompiledView.Render(ViewContext viewContext, TextWriter writer)    at System.Web.Mvc.ViewResultBase.ExecuteResult(ControllerContext context)    at System.Web.Mvc.ControllerActionInvoker.InvokeActionResult(ControllerContext controllerContext, ActionResult actionResult)    at System.Web.Mvc.ControllerActionInvoker.InvokeActionResultFilterRecursive(IList`1 filters, Int32 filterIndex, ResultExecutingContext preContext, ControllerContext controllerContext, ActionResult actionResult)    at System.Web.Mvc.ControllerActionInvoker.InvokeActionResultFilterRecursive(IList`1 filters, Int32 filterIndex, ResultExecutingContext preContext, ControllerContext controllerContext, ActionResult actionResult)    at System.Web.Mvc.ControllerActionInvoker.InvokeActionResultWithFilters(ControllerContext controllerContext, IList`1 filters, ActionResult actionResult)    at System.Web.Mvc.Async.AsyncControllerActionInvoker.<>c__DisplayClass1e.<>c__DisplayClass28.<BeginInvokeAction>b__19()    at System.Web.Mvc.Async.AsyncControllerActionInvoker.<>c__DisplayClass1e.<BeginInvokeAction>b__1b(IAsyncResult asyncResult)
2014-01-30 09:02:58,088 ERROR controller:Home/action:Index/ - The "RenderBody" method has not been called for layout page "~/Views/Shared/_Layout.cshtml". ---    at System.Web.WebPages.WebPageBase.VerifyRenderedBodyOrSections()    at System.Web.WebPages.WebPageBase.PopContext()    at System.Web.WebPages.WebPageBase.ExecutePageHierarchy(WebPageContext pageContext, TextWriter writer, WebPageRenderingBase startPage)    at System.Web.WebPages.WebPageBase.ExecutePageHierarchy(WebPageContext pageContext, TextWriter writer)    at System.Web.WebPages.WebPageBase.<>c__DisplayClass7.<RenderPageCore>b__6(TextWriter writer)    at System.Web.WebPages.HelperResult.WriteTo(TextWriter writer)    at System.Web.WebPages.WebPageExecutingBase.WriteTo(TextWriter writer, HelperResult content)    at System.Web.WebPages.WebPageBase.Write(HelperResult result)    at System.Web.WebPages.WebPageBase.RenderSurrounding(String partialViewName, Action`1 body)    at System.Web.WebPages.WebPageBase.PopContext()    at System.Web.WebPages.WebPageBase.ExecutePageHierarchy(WebPageContext pageContext, TextWriter writer, WebPageRenderingBase startPage)    at System.Web.Mvc.RazorView.RenderView(ViewContext viewContext, TextWriter writer, Object instance)    at System.Web.Mvc.BuildManagerCompiledView.Render(ViewContext viewContext, TextWriter writer)    at System.Web.Mvc.ViewResultBase.ExecuteResult(ControllerContext context)    at System.Web.Mvc.ControllerActionInvoker.InvokeActionResult(ControllerContext controllerContext, ActionResult actionResult)    at System.Web.Mvc.ControllerActionInvoker.InvokeActionResultFilterRecursive(IList`1 filters, Int32 filterIndex, ResultExecutingContext preContext, ControllerContext controllerContext, ActionResult actionResult)    at System.Web.Mvc.ControllerActionInvoker.InvokeActionResultFilterRecursive(IList`1 filters, Int32 filterIndex, ResultExecutingContext preContext, ControllerContext controllerContext, ActionResult actionResult)    at System.Web.Mvc.ControllerActionInvoker.InvokeActionResultWithFilters(ControllerContext controllerContext, IList`1 filters, ActionResult actionResult)    at System.Web.Mvc.Async.AsyncControllerActionInvoker.<>c__DisplayClass1e.<>c__DisplayClass28.<BeginInvokeAction>b__19()    at System.Web.Mvc.Async.AsyncControllerActionInvoker.<>c__DisplayClass1e.<BeginInvokeAction>b__1b(IAsyncResult asyncResult)
2014-01-30 09:04:07,526 ERROR controller:Home/action:Index/ - d:\Dropbox\Prog\ASP.NET MVC\GoKeyboard\GoKeyboard.Webapp\Views\Shared\_Layout.cshtml(26): error CS1502: The best overloaded method match for 'System.Web.WebPages.WebPageExecutingBase.Write(System.Web.WebPages.HelperResult)' has some invalid arguments ---    at System.Web.Compilation.AssemblyBuilder.Compile()    at System.Web.Compilation.BuildProvidersCompiler.PerformBuild()    at System.Web.Compilation.BuildManager.CompileWebFile(VirtualPath virtualPath)    at System.Web.Compilation.BuildManager.GetVPathBuildResultInternal(VirtualPath virtualPath, Boolean noBuild, Boolean allowCrossApp, Boolean allowBuildInPrecompile, Boolean throwIfNotFound, Boolean ensureIsUpToDate)    at System.Web.Compilation.BuildManager.GetVPathBuildResultWithNoAssert(HttpContext context, VirtualPath virtualPath, Boolean noBuild, Boolean allowCrossApp, Boolean allowBuildInPrecompile, Boolean throwIfNotFound, Boolean ensureIsUpToDate)    at System.Web.Compilation.BuildManager.GetVirtualPathObjectFactory(VirtualPath virtualPath, HttpContext context, Boolean allowCrossApp, Boolean throwIfNotFound)    at System.Web.Compilation.BuildManager.CreateInstanceFromVirtualPath(VirtualPath virtualPath, Type requiredBaseType, HttpContext context, Boolean allowCrossApp)    at System.Web.Compilation.BuildManager.CreateInstanceFromVirtualPath(String virtualPath, Type requiredBaseType)    at System.Web.WebPages.BuildManagerWrapper.CreateInstanceOfType[T](String virtualPath)    at System.Web.WebPages.VirtualPathFactoryExtensions.CreateInstance[T](IVirtualPathFactory factory, String virtualPath)    at System.Web.WebPages.VirtualPathFactoryManager.CreateInstanceOfType[T](String virtualPath)    at System.Web.WebPages.VirtualPathFactoryExtensions.CreateInstance[T](IVirtualPathFactory factory, String virtualPath)    at System.Web.WebPages.WebPageBase.CreatePageFromVirtualPath(String virtualPath, HttpContextBase httpContext, Func`2 virtualPathExists, DisplayModeProvider displayModeProvider, IDisplayMode displayMode)    at System.Web.WebPages.WebPageBase.<>c__DisplayClass7.<RenderPageCore>b__6(TextWriter writer)    at System.Web.WebPages.HelperResult.WriteTo(TextWriter writer)    at System.Web.WebPages.WebPageExecutingBase.WriteTo(TextWriter writer, HelperResult content)    at System.Web.WebPages.WebPageBase.Write(HelperResult result)    at System.Web.WebPages.WebPageBase.RenderSurrounding(String partialViewName, Action`1 body)    at System.Web.WebPages.WebPageBase.PopContext()    at System.Web.WebPages.WebPageBase.ExecutePageHierarchy(WebPageContext pageContext, TextWriter writer, WebPageRenderingBase startPage)    at System.Web.Mvc.RazorView.RenderView(ViewContext viewContext, TextWriter writer, Object instance)    at System.Web.Mvc.BuildManagerCompiledView.Render(ViewContext viewContext, TextWriter writer)    at System.Web.Mvc.ViewResultBase.ExecuteResult(ControllerContext context)    at System.Web.Mvc.ControllerActionInvoker.InvokeActionResult(ControllerContext controllerContext, ActionResult actionResult)    at System.Web.Mvc.ControllerActionInvoker.InvokeActionResultFilterRecursive(IList`1 filters, Int32 filterIndex, ResultExecutingContext preContext, ControllerContext controllerContext, ActionResult actionResult)    at System.Web.Mvc.ControllerActionInvoker.InvokeActionResultFilterRecursive(IList`1 filters, Int32 filterIndex, ResultExecutingContext preContext, ControllerContext controllerContext, ActionResult actionResult)    at System.Web.Mvc.ControllerActionInvoker.InvokeActionResultWithFilters(ControllerContext controllerContext, IList`1 filters, ActionResult actionResult)    at System.Web.Mvc.Async.AsyncControllerActionInvoker.<>c__DisplayClass1e.<>c__DisplayClass28.<BeginInvokeAction>b__19()    at System.Web.Mvc.Async.AsyncControllerActionInvoker.<>c__DisplayClass1e.<BeginInvokeAction>b__1b(IAsyncResult asyncResult)
